# JRE version: OpenJDK Runtime Environment (11.0.10) (build 11.0.10+0-b96-7249189)
# Java VM: OpenJDK 64-Bit Server VM (11.0.10+0-b96-7249189, mixed mode, tiered, compressed oops, g1 gc, linux-amd64)
Heap:
 garbage-first heap   total 262144K, used 35980K [0x00000000e0000000, 0x0000000100000000)
  region size 1024K, 21 young (21504K), 2 survivors (2048K)
 Metaspace       used 26194K, capacity 26774K, committed 27008K, reserved 278528K
  class space    used 3438K, capacity 3664K, committed 3712K, reserved 253952K
GC Heap History (6 events):
Event: 0.451 GC heap before
{Heap before GC invocations=0 (full 0):
 garbage-first heap   total 262144K, used 29696K [0x00000000e0000000, 0x0000000100000000)
  region size 1024K, 24 young (24576K), 0 survivors (0K)
 Metaspace       used 10308K, capacity 10484K, committed 10624K, reserved 264192K
  class space    used 1087K, capacity 1132K, committed 1152K, reserved 253952K
}
Event: 0.453 GC heap after
{Heap after GC invocations=1 (full 0):
 garbage-first heap   total 262144K, used 8387K [0x00000000e0000000, 0x0000000100000000)
  region size 1024K, 3 young (3072K), 3 survivors (3072K)
 Metaspace       used 10308K, capacity 10484K, committed 10624K, reserved 264192K
  class space    used 1087K, capacity 1132K, committed 1152K, reserved 253952K
}
Event: 1.110 GC heap before
{Heap before GC invocations=1 (full 0):
 garbage-first heap   total 262144K, used 85187K [0x00000000e0000000, 0x0000000100000000)
  region size 1024K, 80 young (81920K), 3 survivors (3072K)
 Metaspace       used 20532K, capacity 21056K, committed 21248K, reserved 272384K
  class space    used 2529K, capacity 2733K, committed 2816K, reserved 253952K
}
Event: 1.117 GC heap after
{Heap after GC invocations=2 (full 0):
 garbage-first heap   total 262144K, used 15736K [0x00000000e0000000, 0x0000000100000000)
  region size 1024K, 11 young (11264K), 11 survivors (11264K)
 Metaspace       used 20532K, capacity 21056K, committed 21248K, reserved 272384K
  class space    used 2529K, capacity 2733K, committed 2816K, reserved 253952K
}
Event: 1.361 GC heap before
{Heap before GC invocations=3 (full 0):
 garbage-first heap   total 262144K, used 47480K [0x00000000e0000000, 0x0000000100000000)
  region size 1024K, 42 young (43008K), 11 survivors (11264K)
 Metaspace       used 24188K, capacity 24748K, committed 25088K, reserved 276480K
  class space    used 3101K, capacity 3285K, committed 3328K, reserved 253952K
}
Event: 1.367 GC heap after
{Heap after GC invocations=4 (full 0):
 garbage-first heap   total 262144K, used 17548K [0x00000000e0000000, 0x0000000100000000)
  region size 1024K, 2 young (2048K), 2 survivors (2048K)
 Metaspace       used 24188K, capacity 24748K, committed 25088K, reserved 276480K
  class space    used 3101K, capacity 3285K, committed 3328K, reserved 253952K
}

